<?xml version="1.0" encoding="UTF-8"?>
<testsuites name="jest tests" tests="49" failures="0" errors="0" time="7.398">
  <testsuite name="tests/unit/user.model.test.js" errors="0" failures="0" skipped="0" timestamp="2025-11-14T17:17:03" time="2.094" tests="20">
    <testcase classname="User Model › create" name="✅ Creates a user successfully" time="0.098">
    </testcase>
    <testcase classname="User Model › create" name="✅ Creates an admin user" time="0.095">
    </testcase>
    <testcase classname="User Model › findByUsername" name="✅ Finds existing user" time="0.096">
    </testcase>
    <testcase classname="User Model › findByUsername" name="✅ Returns undefined for non-existent user" time="0.002">
    </testcase>
    <testcase classname="User Model › findByEmail" name="✅ Finds existing user by email" time="0.094">
    </testcase>
    <testcase classname="User Model › findByEmail" name="✅ Returns undefined for non-existent email" time="0.001">
    </testcase>
    <testcase classname="User Model › findById" name="✅ Finds existing user by ID" time="0.098">
    </testcase>
    <testcase classname="User Model › findById" name="✅ Returns undefined for non-existent ID" time="0.001">
    </testcase>
    <testcase classname="User Model › findAll" name="✅ Returns array of users" time="0.004">
    </testcase>
    <testcase classname="User Model › update" name="✅ Updates username" time="0.097">
    </testcase>
    <testcase classname="User Model › update" name="✅ Updates email" time="0.095">
    </testcase>
    <testcase classname="User Model › update" name="✅ Updates role" time="0.095">
    </testcase>
    <testcase classname="User Model › update" name="✅ Updates multiple fields" time="0.095">
    </testcase>
    <testcase classname="User Model › update" name="✅ Ignores invalid role" time="0.094">
    </testcase>
    <testcase classname="User Model › update" name="✅ Trims whitespace from username" time="0.096">
    </testcase>
    <testcase classname="User Model › update" name="✅ Returns null if no fields to update" time="0.094">
    </testcase>
    <testcase classname="User Model › update" name="✅ Returns null if only empty strings" time="0.094">
    </testcase>
    <testcase classname="User Model › update" name="✅ Handles non-string values gracefully" time="0.095">
    </testcase>
    <testcase classname="User Model › deleteById" name="✅ Deletes user successfully" time="0.096">
    </testcase>
    <testcase classname="User Model › deleteById" name="✅ Returns 0 changes for non-existent user" time="0.002">
    </testcase>
  </testsuite>
  <testsuite name="tests/integration/tasks.update.int.test.js" errors="0" failures="0" skipped="0" timestamp="2025-11-14T17:17:05" time="1.798" tests="4">
    <testcase classname="Tasks UPDATE (PUT /api/tasks/:id)" name="✅ El propietario puede actualizar su propia task" time="0.266">
    </testcase>
    <testcase classname="Tasks UPDATE (PUT /api/tasks/:id)" name="❌ Un usuario NO puede actualizar la task de otro usuario (403)" time="0.413">
    </testcase>
    <testcase classname="Tasks UPDATE (PUT /api/tasks/:id)" name="🛂 Un admin SÍ puede actualizar la task de otro usuario" time="0.288">
    </testcase>
    <testcase classname="Tasks UPDATE (PUT /api/tasks/:id)" name="🧹 Validación: update con payload inválido devuelve 400" time="0.2">
    </testcase>
  </testsuite>
  <testsuite name="tests/frontend/app.tasks.edge.test.js" errors="0" failures="0" skipped="0" timestamp="2025-11-14T17:17:07" time="0.488" tests="3">
    <testcase classname="Tasks – casos edge" name="si /api/tasks devuelve arreglo vacío, se muestra estado &quot;sin tareas&quot;" time="0.128">
    </testcase>
    <testcase classname="Tasks – casos edge" name="renderiza una lista grande sin romper (100 ítems)" time="0.125">
    </testcase>
    <testcase classname="Tasks – casos edge" name="si /api/tasks devuelve 500, muestra estado de error y no rompe" time="0.077">
    </testcase>
  </testsuite>
  <testsuite name="tests/unit/tasks.controller.errors.test.js" errors="0" failures="0" skipped="0" timestamp="2025-11-14T17:17:08" time="0.653" tests="6">
    <testcase classname="Tasks controller – manejo de errores" name="PUT /api/tasks/:id responde 500 si update lanza error" time="0.116">
    </testcase>
    <testcase classname="Tasks controller – manejo de errores" name="POST /api/tasks devuelve 400 si falta title" time="0.095">
    </testcase>
    <testcase classname="Tasks controller – manejo de errores" name="PUT /api/tasks/:id devuelve 404 si no existe" time="0.096">
    </testcase>
    <testcase classname="Tasks controller – manejo de errores" name="GET /api/tasks sin token → 401" time="0.005">
    </testcase>
    <testcase classname="Tasks controller – manejo de errores" name="GET /api/tasks/:id con id inválido devuelve 400/404" time="0.099">
    </testcase>
    <testcase classname="Tasks controller – manejo de errores" name="PUT /api/tasks/:id sin token devuelve 401" time="0.004">
    </testcase>
  </testsuite>
  <testsuite name="tests/integration/tasks.controller.test.js" errors="0" failures="0" skipped="0" timestamp="2025-11-14T17:17:08" time="0.527" tests="5">
    <testcase classname="Tasks Controller CRUD (Integration, AAA)" name="CREATE task" time="0.008">
    </testcase>
    <testcase classname="Tasks Controller CRUD (Integration, AAA)" name="GET all tasks" time="0.006">
    </testcase>
    <testcase classname="Tasks Controller CRUD (Integration, AAA)" name="GET task by ID" time="0.01">
    </testcase>
    <testcase classname="Tasks Controller CRUD (Integration, AAA)" name="UPDATE task" time="0.017">
    </testcase>
    <testcase classname="Tasks Controller CRUD (Integration, AAA)" name="DELETE task" time="0.015">
    </testcase>
  </testsuite>
  <testsuite name="tests/frontend/app.login.errors.test.js" errors="0" failures="0" skipped="0" timestamp="2025-11-14T17:17:09" time="0.23" tests="3">
    <testcase classname="Login – manejo de errores" name="si la API devuelve 401, muestra error y permanece en login" time="0.025">
    </testcase>
    <testcase classname="Login – manejo de errores" name="no envía si usuario o password están vacíos" time="0.024">
    </testcase>
    <testcase classname="Login – manejo de errores" name="si el servidor devuelve 500, muestra mensaje de error y permanece en login" time="0.036">
    </testcase>
  </testsuite>
  <testsuite name="tests/unit/admin.middleware.test.js" errors="0" failures="0" skipped="0" timestamp="2025-11-14T17:17:09" time="0.158" tests="2">
    <testcase classname="adminMiddleware" name="pasa si role=admin" time="0.001">
    </testcase>
    <testcase classname="adminMiddleware" name="bloquea si no es admin" time="0.002">
    </testcase>
  </testsuite>
  <testsuite name="tests/frontend/app.flow.test.js" errors="0" failures="0" skipped="0" timestamp="2025-11-14T17:17:09" time="0.169" tests="1">
    <testcase classname="Flujo simple: login → muestra Tasks" name="al loguear OK, oculta login y muestra tasks" time="0.026">
    </testcase>
  </testsuite>
  <testsuite name="tests/frontend/app.render.test.js" errors="0" failures="0" skipped="0" timestamp="2025-11-14T17:17:09" time="0.191" tests="2">
    <testcase classname="UI render básico (index.html)" name="muestra el título TikTask y el form de login" time="0.024">
    </testcase>
    <testcase classname="UI render básico (index.html)" name="tiene los elementos clave de la vista de tareas" time="0.02">
    </testcase>
  </testsuite>
  <testsuite name="tests/unit/auth.middleware.test.js" errors="0" failures="0" skipped="0" timestamp="2025-11-14T17:17:10" time="0.176" tests="3">
    <testcase classname="Auth Middleware (AAA)" name="✅ Token válido → next()" time="0.003">
    </testcase>
    <testcase classname="Auth Middleware (AAA)" name="❌ Sin token → 401" time="0.002">
    </testcase>
    <testcase classname="Auth Middleware (AAA)" name="❌ Token inválido → 401" time="0.002">
    </testcase>
  </testsuite>
</testsuites>